\BOOKMARK [0][-]{chapter.1}{\376\377\0001\000\040\000D\000a\000t\000a\000\040\000S\000t\000r\000u\000c\000t\000u\000r\000e\000\040\000I\000n\000d\000e\000x}{}% 1
\BOOKMARK [1][-]{section.1.1}{\376\377\0001\000.\0001\000\040\000D\000a\000t\000a\000\040\000S\000t\000r\000u\000c\000t\000u\000r\000e\000s}{chapter.1}% 2
\BOOKMARK [0][-]{chapter.2}{\376\377\0002\000\040\000F\000i\000l\000e\000\040\000I\000n\000d\000e\000x}{}% 3
\BOOKMARK [1][-]{section.2.1}{\376\377\0002\000.\0001\000\040\000F\000i\000l\000e\000\040\000L\000i\000s\000t}{chapter.2}% 4
\BOOKMARK [0][-]{chapter.3}{\376\377\0003\000\040\000D\000a\000t\000a\000\040\000S\000t\000r\000u\000c\000t\000u\000r\000e\000\040\000D\000o\000c\000u\000m\000e\000n\000t\000a\000t\000i\000o\000n}{}% 5
\BOOKMARK [1][-]{section.3.1}{\376\377\0003\000.\0001\000\040\000d\000i\000c\000t\000i\000o\000n\000n\000a\000r\000y\000\040\000S\000t\000r\000u\000c\000t\000\040\000R\000e\000f\000e\000r\000e\000n\000c\000e}{chapter.3}% 6
\BOOKMARK [2][-]{subsection.3.1.1}{\376\377\0003\000.\0001\000.\0001\000\040\000F\000i\000e\000l\000d\000\040\000D\000o\000c\000u\000m\000e\000n\000t\000a\000t\000i\000o\000n}{section.3.1}% 7
\BOOKMARK [3][-]{subsubsection.3.1.1.1}{\376\377\0003\000.\0001\000.\0001\000.\0001\000\040\000s\000z}{subsection.3.1.1}% 8
\BOOKMARK [3][-]{subsubsection.3.1.1.2}{\376\377\0003\000.\0001\000.\0001\000.\0002\000\040\000w\000o\000r\000d\000s}{subsection.3.1.1}% 9
\BOOKMARK [1][-]{section.3.2}{\376\377\0003\000.\0002\000\040\000m\000s\000g\000T\000o\000R\000o\000o\000m\000S\000t\000r\000u\000c\000t\000\040\000S\000t\000r\000u\000c\000t\000\040\000R\000e\000f\000e\000r\000e\000n\000c\000e}{chapter.3}% 10
\BOOKMARK [2][-]{subsection.3.2.1}{\376\377\0003\000.\0002\000.\0001\000\040\000F\000i\000e\000l\000d\000\040\000D\000o\000c\000u\000m\000e\000n\000t\000a\000t\000i\000o\000n}{section.3.2}% 11
\BOOKMARK [3][-]{subsubsection.3.2.1.1}{\376\377\0003\000.\0002\000.\0001\000.\0001\000\040\000m\000s\000g}{subsection.3.2.1}% 12
\BOOKMARK [3][-]{subsubsection.3.2.1.2}{\376\377\0003\000.\0002\000.\0001\000.\0002\000\040\000r\000o\000o\000m\000N\000a\000m\000e}{subsection.3.2.1}% 13
\BOOKMARK [1][-]{section.3.3}{\376\377\0003\000.\0003\000\040\000r\000o\000o\000m\000s\000\040\000S\000t\000r\000u\000c\000t\000\040\000R\000e\000f\000e\000r\000e\000n\000c\000e}{chapter.3}% 14
\BOOKMARK [2][-]{subsection.3.3.1}{\376\377\0003\000.\0003\000.\0001\000\040\000F\000i\000e\000l\000d\000\040\000D\000o\000c\000u\000m\000e\000n\000t\000a\000t\000i\000o\000n}{section.3.3}% 15
\BOOKMARK [3][-]{subsubsection.3.3.1.1}{\376\377\0003\000.\0003\000.\0001\000.\0001\000\040\000r\000o\000o\000m}{subsection.3.3.1}% 16
\BOOKMARK [3][-]{subsubsection.3.3.1.2}{\376\377\0003\000.\0003\000.\0001\000.\0002\000\040\000s\000z}{subsection.3.3.1}% 17
\BOOKMARK [1][-]{section.3.4}{\376\377\0003\000.\0004\000\040\000u\000s\000e\000r\000s\000\040\000S\000t\000r\000u\000c\000t\000\040\000R\000e\000f\000e\000r\000e\000n\000c\000e}{chapter.3}% 18
\BOOKMARK [2][-]{subsection.3.4.1}{\376\377\0003\000.\0004\000.\0001\000\040\000F\000i\000e\000l\000d\000\040\000D\000o\000c\000u\000m\000e\000n\000t\000a\000t\000i\000o\000n}{section.3.4}% 19
\BOOKMARK [3][-]{subsubsection.3.4.1.1}{\376\377\0003\000.\0004\000.\0001\000.\0001\000\040\000n\000a\000m\000e}{subsection.3.4.1}% 20
\BOOKMARK [3][-]{subsubsection.3.4.1.2}{\376\377\0003\000.\0004\000.\0001\000.\0002\000\040\000s\000o\000c\000k\000s}{subsection.3.4.1}% 21
\BOOKMARK [3][-]{subsubsection.3.4.1.3}{\376\377\0003\000.\0004\000.\0001\000.\0003\000\040\000s\000z}{subsection.3.4.1}% 22
\BOOKMARK [0][-]{chapter.4}{\376\377\0004\000\040\000F\000i\000l\000e\000\040\000D\000o\000c\000u\000m\000e\000n\000t\000a\000t\000i\000o\000n}{}% 23
\BOOKMARK [1][-]{section.4.1}{\376\377\0004\000.\0001\000\040\000.\000d\000e\000p\000.\000i\000n\000c\000\040\000F\000i\000l\000e\000\040\000R\000e\000f\000e\000r\000e\000n\000c\000e}{chapter.4}% 24
\BOOKMARK [1][-]{section.4.2}{\376\377\0004\000.\0002\000\040\000c\000l\000i\000e\000n\000t\000.\000c\000\040\000F\000i\000l\000e\000\040\000R\000e\000f\000e\000r\000e\000n\000c\000e}{chapter.4}% 25
\BOOKMARK [2][-]{subsection.4.2.1}{\376\377\0004\000.\0002\000.\0001\000\040\000F\000u\000n\000c\000t\000i\000o\000n\000\040\000D\000o\000c\000u\000m\000e\000n\000t\000a\000t\000i\000o\000n}{section.4.2}% 26
\BOOKMARK [3][-]{subsubsection.4.2.1.1}{\376\377\0004\000.\0002\000.\0001\000.\0001\000\040\000e\000n\000v\000o\000i\000\137\000m\000e\000s\000s\000a\000g\000e}{subsection.4.2.1}% 27
\BOOKMARK [3][-]{subsubsection.4.2.1.2}{\376\377\0004\000.\0002\000.\0001\000.\0002\000\040\000m\000a\000i\000n}{subsection.4.2.1}% 28
\BOOKMARK [3][-]{subsubsection.4.2.1.3}{\376\377\0004\000.\0002\000.\0001\000.\0003\000\040\000r\000e\000c\000e\000p\000t\000i\000o\000n\000\137\000m\000e\000s\000s\000a\000g\000e}{subsection.4.2.1}% 29
\BOOKMARK [3][-]{subsubsection.4.2.1.4}{\376\377\0004\000.\0002\000.\0001\000.\0004\000\040\000s\000t\000o\000p}{subsection.4.2.1}% 30
\BOOKMARK [2][-]{subsection.4.2.2}{\376\377\0004\000.\0002\000.\0002\000\040\000V\000a\000r\000i\000a\000b\000l\000e\000\040\000D\000o\000c\000u\000m\000e\000n\000t\000a\000t\000i\000o\000n}{section.4.2}% 31
\BOOKMARK [3][-]{subsubsection.4.2.2.1}{\376\377\0004\000.\0002\000.\0002\000.\0001\000\040\000a\000d\000r\000e\000s\000s\000e\000\137\000l\000o\000c\000a\000l\000e}{subsection.4.2.2}% 32
\BOOKMARK [3][-]{subsubsection.4.2.2.2}{\376\377\0004\000.\0002\000.\0002\000.\0002\000\040\000h\000o\000s\000t}{subsection.4.2.2}% 33
\BOOKMARK [3][-]{subsubsection.4.2.2.3}{\376\377\0004\000.\0002\000.\0002\000.\0003\000\040\000p\000s\000e\000u\000d\000o}{subsection.4.2.2}% 34
\BOOKMARK [3][-]{subsubsection.4.2.2.4}{\376\377\0004\000.\0002\000.\0002\000.\0004\000\040\000p\000s\000e\000u\000d\000o\000W\000i\000t\000h\000C\000o\000m\000a}{subsection.4.2.2}% 35
\BOOKMARK [3][-]{subsubsection.4.2.2.5}{\376\377\0004\000.\0002\000.\0002\000.\0005\000\040\000p\000s\000e\000u\000d\000o\000W\000i\000t\000h\000C\000o\000m\000a\000A\000n\000d\000R\000o\000o\000m}{subsection.4.2.2}% 36
\BOOKMARK [3][-]{subsubsection.4.2.2.6}{\376\377\0004\000.\0002\000.\0002\000.\0006\000\040\000p\000t\000r\000\137\000h\000o\000s\000t}{subsection.4.2.2}% 37
\BOOKMARK [3][-]{subsubsection.4.2.2.7}{\376\377\0004\000.\0002\000.\0002\000.\0007\000\040\000p\000t\000r\000\137\000s\000e\000r\000v\000i\000c\000e}{subsection.4.2.2}% 38
\BOOKMARK [3][-]{subsubsection.4.2.2.8}{\376\377\0004\000.\0002\000.\0002\000.\0008\000\040\000s\000a\000l\000o\000n}{subsection.4.2.2}% 39
\BOOKMARK [3][-]{subsubsection.4.2.2.9}{\376\377\0004\000.\0002\000.\0002\000.\0009\000\040\000s\000o\000c\000k\000e\000t\000\137\000d\000e\000s\000c\000r\000i\000p\000t\000o\000r}{subsection.4.2.2}% 40
\BOOKMARK [3][-]{subsubsection.4.2.2.10}{\376\377\0004\000.\0002\000.\0002\000.\0001\0000\000\040\000t\0001}{subsection.4.2.2}% 41
\BOOKMARK [3][-]{subsubsection.4.2.2.11}{\376\377\0004\000.\0002\000.\0002\000.\0001\0001\000\040\000t\0002}{subsection.4.2.2}% 42
\BOOKMARK [1][-]{section.4.3}{\376\377\0004\000.\0003\000\040\000c\000l\000i\000e\000n\000t\000.\000h\000\040\000F\000i\000l\000e\000\040\000R\000e\000f\000e\000r\000e\000n\000c\000e}{chapter.4}% 43
\BOOKMARK [2][-]{subsection.4.3.1}{\376\377\0004\000.\0003\000.\0001\000\040\000T\000y\000p\000e\000d\000e\000f\000\040\000D\000o\000c\000u\000m\000e\000n\000t\000a\000t\000i\000o\000n}{section.4.3}% 44
\BOOKMARK [3][-]{subsubsection.4.3.1.1}{\376\377\0004\000.\0003\000.\0001\000.\0001\000\040\000h\000o\000s\000t\000e\000n\000t}{subsection.4.3.1}% 45
\BOOKMARK [3][-]{subsubsection.4.3.1.2}{\376\377\0004\000.\0003\000.\0001\000.\0002\000\040\000s\000e\000r\000v\000e\000n\000t}{subsection.4.3.1}% 46
\BOOKMARK [3][-]{subsubsection.4.3.1.3}{\376\377\0004\000.\0003\000.\0001\000.\0003\000\040\000s\000o\000c\000k\000a\000d\000d\000r}{subsection.4.3.1}% 47
\BOOKMARK [3][-]{subsubsection.4.3.1.4}{\376\377\0004\000.\0003\000.\0001\000.\0004\000\040\000s\000o\000c\000k\000a\000d\000d\000r\000\137\000i\000n}{subsection.4.3.1}% 48
\BOOKMARK [2][-]{subsection.4.3.2}{\376\377\0004\000.\0003\000.\0002\000\040\000F\000u\000n\000c\000t\000i\000o\000n\000\040\000D\000o\000c\000u\000m\000e\000n\000t\000a\000t\000i\000o\000n}{section.4.3}% 49
\BOOKMARK [3][-]{subsubsection.4.3.2.1}{\376\377\0004\000.\0003\000.\0002\000.\0001\000\040\000e\000n\000v\000o\000i\000\137\000m\000e\000s\000s\000a\000g\000e}{subsection.4.3.2}% 50
\BOOKMARK [3][-]{subsubsection.4.3.2.2}{\376\377\0004\000.\0003\000.\0002\000.\0002\000\040\000m\000a\000i\000n}{subsection.4.3.2}% 51
\BOOKMARK [3][-]{subsubsection.4.3.2.3}{\376\377\0004\000.\0003\000.\0002\000.\0003\000\040\000r\000e\000c\000e\000p\000t\000i\000o\000n\000\137\000m\000e\000s\000s\000a\000g\000e}{subsection.4.3.2}% 52
\BOOKMARK [3][-]{subsubsection.4.3.2.4}{\376\377\0004\000.\0003\000.\0002\000.\0004\000\040\000s\000t\000o\000p}{subsection.4.3.2}% 53
\BOOKMARK [1][-]{section.4.4}{\376\377\0004\000.\0004\000\040\000m\000a\000i\000n\000.\000c\000\040\000F\000i\000l\000e\000\040\000R\000e\000f\000e\000r\000e\000n\000c\000e}{chapter.4}% 54
\BOOKMARK [2][-]{subsection.4.4.1}{\376\377\0004\000.\0004\000.\0001\000\040\000F\000u\000n\000c\000t\000i\000o\000n\000\040\000D\000o\000c\000u\000m\000e\000n\000t\000a\000t\000i\000o\000n}{section.4.4}% 55
\BOOKMARK [3][-]{subsubsection.4.4.1.1}{\376\377\0004\000.\0004\000.\0001\000.\0001\000\040\000m\000a\000i\000n}{subsection.4.4.1}% 56
\BOOKMARK [1][-]{section.4.5}{\376\377\0004\000.\0005\000\040\000s\000e\000r\000v\000e\000r\000.\000c\000\040\000F\000i\000l\000e\000\040\000R\000e\000f\000e\000r\000e\000n\000c\000e}{chapter.4}% 57
\BOOKMARK [2][-]{subsection.4.5.1}{\376\377\0004\000.\0005\000.\0001\000\040\000F\000u\000n\000c\000t\000i\000o\000n\000\040\000D\000o\000c\000u\000m\000e\000n\000t\000a\000t\000i\000o\000n}{section.4.5}% 58
\BOOKMARK [3][-]{subsubsection.4.5.1.1}{\376\377\0004\000.\0005\000.\0001\000.\0001\000\040\000a\000d\000d\000U\000s\000e\000r}{subsection.4.5.1}% 59
\BOOKMARK [3][-]{subsubsection.4.5.1.2}{\376\377\0004\000.\0005\000.\0001\000.\0002\000\040\000a\000d\000d\000U\000s\000e\000r\000I\000n\000R\000o\000o\000m}{subsection.4.5.1}% 60
\BOOKMARK [3][-]{subsubsection.4.5.1.3}{\376\377\0004\000.\0005\000.\0001\000.\0003\000\040\000a\000f\000f\000i\000c\000h\000e\000r\000R\000o\000o\000m\000s}{subsection.4.5.1}% 61
\BOOKMARK [3][-]{subsubsection.4.5.1.4}{\376\377\0004\000.\0005\000.\0001\000.\0004\000\040\000a\000n\000a\000l\000y\000s\000e\000M\000e\000s\000s\000a\000g\000e}{subsection.4.5.1}% 62
\BOOKMARK [3][-]{subsubsection.4.5.1.5}{\376\377\0004\000.\0005\000.\0001\000.\0005\000\040\000f\000i\000n\000d\000R\000o\000o\000m\000F\000r\000o\000m\000S\000o\000c\000k\000e\000t}{subsection.4.5.1}% 63
\BOOKMARK [3][-]{subsubsection.4.5.1.6}{\376\377\0004\000.\0005\000.\0001\000.\0006\000\040\000g\000e\000t\000S\000e\000r\000v\000e\000r\000R\000e\000s\000p\000o\000n\000s\000e}{subsection.4.5.1}% 64
\BOOKMARK [3][-]{subsubsection.4.5.1.7}{\376\377\0004\000.\0005\000.\0001\000.\0007\000\040\000i\000n\000c\000r\000e\000m\000e\000n\000t\000I\000n\000s\000u\000l\000t}{subsection.4.5.1}% 65
\BOOKMARK [3][-]{subsubsection.4.5.1.8}{\376\377\0004\000.\0005\000.\0001\000.\0008\000\040\000m\000a\000i\000n}{subsection.4.5.1}% 66
\BOOKMARK [3][-]{subsubsection.4.5.1.9}{\376\377\0004\000.\0005\000.\0001\000.\0009\000\040\000r\000e\000a\000d\000W\000o\000r\000d\000s}{subsection.4.5.1}% 67
\BOOKMARK [3][-]{subsubsection.4.5.1.10}{\376\377\0004\000.\0005\000.\0001\000.\0001\0000\000\040\000r\000e\000m\000o\000v\000e\000R\000o\000o\000m}{subsection.4.5.1}% 68
\BOOKMARK [3][-]{subsubsection.4.5.1.11}{\376\377\0004\000.\0005\000.\0001\000.\0001\0001\000\040\000r\000e\000m\000o\000v\000e\000S\000o\000c\000k\000e\000t\000F\000r\000o\000m\000R\000o\000o\000m}{subsection.4.5.1}% 69
\BOOKMARK [3][-]{subsubsection.4.5.1.12}{\376\377\0004\000.\0005\000.\0001\000.\0001\0002\000\040\000r\000e\000n\000v\000o\000i\000\137\000m\000e\000s\000s\000a\000g\000e}{subsection.4.5.1}% 70
\BOOKMARK [3][-]{subsubsection.4.5.1.13}{\376\377\0004\000.\0005\000.\0001\000.\0001\0003\000\040\000s\000e\000n\000d\000M\000e\000s\000s\000a\000g\000e\000T\000o\000R\000o\000o\000m}{subsection.4.5.1}% 71
\BOOKMARK [3][-]{subsubsection.4.5.1.14}{\376\377\0004\000.\0005\000.\0001\000.\0001\0004\000\040\000s\000t\000o\000p}{subsection.4.5.1}% 72
\BOOKMARK [3][-]{subsubsection.4.5.1.15}{\376\377\0004\000.\0005\000.\0001\000.\0001\0005\000\040\000u\000p\000d\000a\000t\000e\000U\000s\000e\000r\000F\000i\000l\000e}{subsection.4.5.1}% 73
\BOOKMARK [2][-]{subsection.4.5.2}{\376\377\0004\000.\0005\000.\0002\000\040\000V\000a\000r\000i\000a\000b\000l\000e\000\040\000D\000o\000c\000u\000m\000e\000n\000t\000a\000t\000i\000o\000n}{section.4.5}% 74
\BOOKMARK [3][-]{subsubsection.4.5.2.1}{\376\377\0004\000.\0005\000.\0002\000.\0001\000\040\000c\000u\000r\000r\000e\000n\000t\000S\000o\000c\000k}{subsection.4.5.2}% 75
\BOOKMARK [3][-]{subsubsection.4.5.2.2}{\376\377\0004\000.\0005\000.\0002\000.\0002\000\040\000d\000i\000c\000t}{subsection.4.5.2}% 76
\BOOKMARK [3][-]{subsubsection.4.5.2.3}{\376\377\0004\000.\0005\000.\0002\000.\0003\000\040\000i\000p\000s}{subsection.4.5.2}% 77
\BOOKMARK [3][-]{subsubsection.4.5.2.4}{\376\377\0004\000.\0005\000.\0002\000.\0004\000\040\000m\000u\000t\000e\000x\000R\000o\000o\000m}{subsection.4.5.2}% 78
\BOOKMARK [3][-]{subsubsection.4.5.2.5}{\376\377\0004\000.\0005\000.\0002\000.\0005\000\040\000m\000u\000t\000e\000x\000U\000s\000e\000r\000F\000i\000l\000e}{subsection.4.5.2}% 79
\BOOKMARK [3][-]{subsubsection.4.5.2.6}{\376\377\0004\000.\0005\000.\0002\000.\0006\000\040\000r\000o\000o\000m}{subsection.4.5.2}% 80
\BOOKMARK [3][-]{subsubsection.4.5.2.7}{\376\377\0004\000.\0005\000.\0002\000.\0007\000\040\000t\0001}{subsection.4.5.2}% 81
\BOOKMARK [1][-]{section.4.6}{\376\377\0004\000.\0006\000\040\000s\000e\000r\000v\000e\000r\000.\000h\000\040\000F\000i\000l\000e\000\040\000R\000e\000f\000e\000r\000e\000n\000c\000e}{chapter.4}% 82
\BOOKMARK [2][-]{subsection.4.6.1}{\376\377\0004\000.\0006\000.\0001\000\040\000M\000a\000c\000r\000o\000\040\000D\000e\000f\000i\000n\000i\000t\000i\000o\000n\000\040\000D\000o\000c\000u\000m\000e\000n\000t\000a\000t\000i\000o\000n}{section.4.6}% 83
\BOOKMARK [3][-]{subsubsection.4.6.1.1}{\376\377\0004\000.\0006\000.\0001\000.\0001\000\040\000T\000A\000I\000L\000L\000E\000\137\000M\000A\000X\000\137\000N\000O\000M}{subsection.4.6.1}% 84
\BOOKMARK [2][-]{subsection.4.6.2}{\376\377\0004\000.\0006\000.\0002\000\040\000T\000y\000p\000e\000d\000e\000f\000\040\000D\000o\000c\000u\000m\000e\000n\000t\000a\000t\000i\000o\000n}{section.4.6}% 85
\BOOKMARK [3][-]{subsubsection.4.6.2.1}{\376\377\0004\000.\0006\000.\0002\000.\0001\000\040\000h\000o\000s\000t\000e\000n\000t}{subsection.4.6.2}% 86
\BOOKMARK [3][-]{subsubsection.4.6.2.2}{\376\377\0004\000.\0006\000.\0002\000.\0002\000\040\000s\000e\000r\000v\000e\000n\000t}{subsection.4.6.2}% 87
\BOOKMARK [3][-]{subsubsection.4.6.2.3}{\376\377\0004\000.\0006\000.\0002\000.\0003\000\040\000s\000o\000c\000k\000a\000d\000d\000r}{subsection.4.6.2}% 88
\BOOKMARK [3][-]{subsubsection.4.6.2.4}{\376\377\0004\000.\0006\000.\0002\000.\0004\000\040\000s\000o\000c\000k\000a\000d\000d\000r\000\137\000i\000n}{subsection.4.6.2}% 89
\BOOKMARK [2][-]{subsection.4.6.3}{\376\377\0004\000.\0006\000.\0003\000\040\000F\000u\000n\000c\000t\000i\000o\000n\000\040\000D\000o\000c\000u\000m\000e\000n\000t\000a\000t\000i\000o\000n}{section.4.6}% 90
\BOOKMARK [3][-]{subsubsection.4.6.3.1}{\376\377\0004\000.\0006\000.\0003\000.\0001\000\040\000a\000d\000d\000U\000s\000e\000r}{subsection.4.6.3}% 91
\BOOKMARK [3][-]{subsubsection.4.6.3.2}{\376\377\0004\000.\0006\000.\0003\000.\0002\000\040\000a\000d\000d\000U\000s\000e\000r\000I\000n\000R\000o\000o\000m}{subsection.4.6.3}% 92
\BOOKMARK [3][-]{subsubsection.4.6.3.3}{\376\377\0004\000.\0006\000.\0003\000.\0003\000\040\000a\000f\000f\000i\000c\000h\000e\000r\000R\000o\000o\000m\000s}{subsection.4.6.3}% 93
\BOOKMARK [3][-]{subsubsection.4.6.3.4}{\376\377\0004\000.\0006\000.\0003\000.\0004\000\040\000a\000n\000a\000l\000y\000s\000e\000M\000e\000s\000s\000a\000g\000e}{subsection.4.6.3}% 94
\BOOKMARK [3][-]{subsubsection.4.6.3.5}{\376\377\0004\000.\0006\000.\0003\000.\0005\000\040\000f\000i\000n\000d\000R\000o\000o\000m\000F\000r\000o\000m\000S\000o\000c\000k\000e\000t}{subsection.4.6.3}% 95
\BOOKMARK [3][-]{subsubsection.4.6.3.6}{\376\377\0004\000.\0006\000.\0003\000.\0006\000\040\000g\000e\000t\000S\000e\000r\000v\000e\000r\000R\000e\000s\000p\000o\000n\000s\000e}{subsection.4.6.3}% 96
\BOOKMARK [3][-]{subsubsection.4.6.3.7}{\376\377\0004\000.\0006\000.\0003\000.\0007\000\040\000i\000n\000c\000r\000e\000m\000e\000n\000t\000I\000n\000s\000u\000l\000t}{subsection.4.6.3}% 97
\BOOKMARK [3][-]{subsubsection.4.6.3.8}{\376\377\0004\000.\0006\000.\0003\000.\0008\000\040\000m\000a\000i\000n}{subsection.4.6.3}% 98
\BOOKMARK [3][-]{subsubsection.4.6.3.9}{\376\377\0004\000.\0006\000.\0003\000.\0009\000\040\000r\000e\000a\000d\000W\000o\000r\000d\000s}{subsection.4.6.3}% 99
\BOOKMARK [3][-]{subsubsection.4.6.3.10}{\376\377\0004\000.\0006\000.\0003\000.\0001\0000\000\040\000r\000e\000m\000o\000v\000e\000R\000o\000o\000m}{subsection.4.6.3}% 100
\BOOKMARK [3][-]{subsubsection.4.6.3.11}{\376\377\0004\000.\0006\000.\0003\000.\0001\0001\000\040\000r\000e\000m\000o\000v\000e\000S\000o\000c\000k\000e\000t\000F\000r\000o\000m\000R\000o\000o\000m}{subsection.4.6.3}% 101
\BOOKMARK [3][-]{subsubsection.4.6.3.12}{\376\377\0004\000.\0006\000.\0003\000.\0001\0002\000\040\000r\000e\000n\000v\000o\000i\000\137\000m\000e\000s\000s\000a\000g\000e}{subsection.4.6.3}% 102
\BOOKMARK [3][-]{subsubsection.4.6.3.13}{\376\377\0004\000.\0006\000.\0003\000.\0001\0003\000\040\000s\000e\000n\000d\000M\000e\000s\000s\000a\000g\000e\000T\000o\000R\000o\000o\000m}{subsection.4.6.3}% 103
\BOOKMARK [3][-]{subsubsection.4.6.3.14}{\376\377\0004\000.\0006\000.\0003\000.\0001\0004\000\040\000s\000t\000o\000p}{subsection.4.6.3}% 104
\BOOKMARK [3][-]{subsubsection.4.6.3.15}{\376\377\0004\000.\0006\000.\0003\000.\0001\0005\000\040\000u\000p\000d\000a\000t\000e\000U\000s\000e\000r\000F\000i\000l\000e}{subsection.4.6.3}% 105
\BOOKMARK [0][-]{section*.17}{\376\377\000I\000n\000d\000e\000x}{}% 106
